<?xml version="1.0" encoding="UTF-8"?>
<testng-results ignored="5" total="6" passed="1" failed="0" skipped="0">
  <reporter-output>
  </reporter-output>
  <suite started-at="2023-02-27T08:40:06 IST" name="Default suite" finished-at="2023-02-27T08:40:53 IST" duration-ms="46428">
    <groups>
      <group name="group-1">
        <method signature="ProductPageTestClass.verifyTheProductPageIsOpenedWhileClickingOnProductTab()[pri:1, instance:executeClasses.ProductPageTestClass@397fbdb]" name="verifyTheProductPageIsOpenedWhileClickingOnProductTab" class="executeClasses.ProductPageTestClass"/>
      </group> <!-- group-1 -->
    </groups>
    <test started-at="2023-02-27T08:40:06 IST" name="Default test" finished-at="2023-02-27T08:40:53 IST" duration-ms="46428">
      <class name="executeClasses.ProductPageTestClass">
        <test-method is-config="true" signature="createReport(org.testng.ITestContext)[pri:0, instance:executeClasses.ProductPageTestClass@397fbdb]" started-at="2023-02-27T08:40:06 IST" name="createReport" finished-at="2023-02-27T08:40:06 IST" duration-ms="116" status="PASS">
          <params>
            <param index="0">
              <value>
                <![CDATA[org.testng.TestRunner@79a201cf]]>
              </value>
            </param>
          </params>
          <reporter-output>
          </reporter-output>
        </test-method> <!-- createReport -->
        <test-method is-config="true" signature="beforeMethod(java.lang.String)[pri:0, instance:executeClasses.ProductPageTestClass@397fbdb]" started-at="2023-02-27T08:40:06 IST" name="beforeMethod" finished-at="2023-02-27T08:40:25 IST" duration-ms="18639" status="PASS">
          <params>
            <param index="0">
              <value>
                <![CDATA[chrome]]>
              </value>
            </param>
          </params>
          <reporter-output>
          </reporter-output>
        </test-method> <!-- beforeMethod -->
        <test-method signature="verifyTheProductPageIsOpenedWhileClickingOnProductTab()[pri:1, instance:executeClasses.ProductPageTestClass@397fbdb]" started-at="2023-02-27T08:40:25 IST" name="verifyTheProductPageIsOpenedWhileClickingOnProductTab" finished-at="2023-02-27T08:40:49 IST" duration-ms="24374" status="PASS">
          <reporter-output>
          </reporter-output>
        </test-method> <!-- verifyTheProductPageIsOpenedWhileClickingOnProductTab -->
        <test-method is-config="true" signature="afterMethod(org.testng.ITestResult)[pri:0, instance:executeClasses.ProductPageTestClass@397fbdb]" started-at="2023-02-27T08:40:49 IST" name="afterMethod" finished-at="2023-02-27T08:40:53 IST" duration-ms="3125" status="PASS">
          <params>
            <param index="0">
              <value>
                <![CDATA[[TestResult name=verifyTheProductPageIsOpenedWhileClickingOnProductTab status=SUCCESS method=ProductPageTestClass.verifyTheProductPageIsOpenedWhileClickingOnProductTab()[pri:1, instance:executeClasses.ProductPageTestClass@397fbdb] output={null}]]]>
              </value>
            </param>
          </params>
          <reporter-output>
          </reporter-output>
        </test-method> <!-- afterMethod -->
      </class> <!-- executeClasses.ProductPageTestClass -->
    </test> <!-- Default test -->
  </suite> <!-- Default suite -->
</testng-results>
