<?xml version="1.0" encoding="UTF-8"?>
<testng-results ignored="0" total="5" passed="5" failed="0" skipped="0">
  <reporter-output>
  </reporter-output>
  <suite started-at="2023-02-16T16:57:30 IST" name="Default suite" finished-at="2023-02-16T16:58:52 IST" duration-ms="82481">
    <groups>
    </groups>
    <test started-at="2023-02-16T16:57:30 IST" name="Default test" finished-at="2023-02-16T16:58:52 IST" duration-ms="82481">
      <class name="executeClasses.CustomersPageTestClass">
        <test-method is-config="true" signature="beforeMethod()[pri:0, instance:executeClasses.CustomersPageTestClass@145f66e3]" started-at="2023-02-16T16:57:30 IST" name="beforeMethod" finished-at="2023-02-16T16:57:40 IST" duration-ms="9763" status="PASS">
          <reporter-output>
          </reporter-output>
        </test-method> <!-- beforeMethod -->
        <test-method signature="verifyThecustomerPageIsVisibleByClickingOncustomersunderPeopleTab()[pri:1, instance:executeClasses.CustomersPageTestClass@145f66e3]" started-at="2023-02-16T16:57:40 IST" name="verifyThecustomerPageIsVisibleByClickingOncustomersunderPeopleTab" finished-at="2023-02-16T16:57:48 IST" duration-ms="8733" status="PASS">
          <reporter-output>
          </reporter-output>
        </test-method> <!-- verifyThecustomerPageIsVisibleByClickingOncustomersunderPeopleTab -->
        <test-method is-config="true" signature="afterMethod()[pri:0, instance:executeClasses.CustomersPageTestClass@145f66e3]" started-at="2023-02-16T16:57:48 IST" name="afterMethod" finished-at="2023-02-16T16:57:50 IST" duration-ms="1360" status="PASS">
          <reporter-output>
          </reporter-output>
        </test-method> <!-- afterMethod -->
        <test-method is-config="true" signature="beforeMethod()[pri:0, instance:executeClasses.CustomersPageTestClass@145f66e3]" started-at="2023-02-16T16:57:50 IST" name="beforeMethod" finished-at="2023-02-16T16:57:57 IST" duration-ms="7193" status="PASS">
          <reporter-output>
          </reporter-output>
        </test-method> <!-- beforeMethod -->
        <test-method signature="verifyTheAddcustomerButtonIsVisibleOrNot()[pri:2, instance:executeClasses.CustomersPageTestClass@145f66e3]" started-at="2023-02-16T16:57:57 IST" name="verifyTheAddcustomerButtonIsVisibleOrNot" finished-at="2023-02-16T16:58:04 IST" duration-ms="6964" status="PASS">
          <reporter-output>
          </reporter-output>
        </test-method> <!-- verifyTheAddcustomerButtonIsVisibleOrNot -->
        <test-method is-config="true" signature="afterMethod()[pri:0, instance:executeClasses.CustomersPageTestClass@145f66e3]" started-at="2023-02-16T16:58:04 IST" name="afterMethod" finished-at="2023-02-16T16:58:04 IST" duration-ms="399" status="PASS">
          <reporter-output>
          </reporter-output>
        </test-method> <!-- afterMethod -->
        <test-method is-config="true" signature="beforeMethod()[pri:0, instance:executeClasses.CustomersPageTestClass@145f66e3]" started-at="2023-02-16T16:58:04 IST" name="beforeMethod" finished-at="2023-02-16T16:58:11 IST" duration-ms="7026" status="PASS">
          <reporter-output>
          </reporter-output>
        </test-method> <!-- beforeMethod -->
        <test-method signature="veriytoAddaNewcustomer()[pri:3, instance:executeClasses.CustomersPageTestClass@145f66e3]" started-at="2023-02-16T16:58:11 IST" name="veriytoAddaNewcustomer" finished-at="2023-02-16T16:58:21 IST" duration-ms="9821" status="PASS">
          <reporter-output>
          </reporter-output>
        </test-method> <!-- veriytoAddaNewcustomer -->
        <test-method is-config="true" signature="afterMethod()[pri:0, instance:executeClasses.CustomersPageTestClass@145f66e3]" started-at="2023-02-16T16:58:21 IST" name="afterMethod" finished-at="2023-02-16T16:58:22 IST" duration-ms="371" status="PASS">
          <reporter-output>
          </reporter-output>
        </test-method> <!-- afterMethod -->
        <test-method is-config="true" signature="beforeMethod()[pri:0, instance:executeClasses.CustomersPageTestClass@145f66e3]" started-at="2023-02-16T16:58:22 IST" name="beforeMethod" finished-at="2023-02-16T16:58:28 IST" duration-ms="6770" status="PASS">
          <reporter-output>
          </reporter-output>
        </test-method> <!-- beforeMethod -->
        <test-method signature="verifytoSearchACustomerByUsingName()[pri:4, instance:executeClasses.CustomersPageTestClass@145f66e3]" started-at="2023-02-16T16:58:28 IST" name="verifytoSearchACustomerByUsingName" finished-at="2023-02-16T16:58:36 IST" duration-ms="7672" status="PASS">
          <reporter-output>
          </reporter-output>
        </test-method> <!-- verifytoSearchACustomerByUsingName -->
        <test-method is-config="true" signature="afterMethod()[pri:0, instance:executeClasses.CustomersPageTestClass@145f66e3]" started-at="2023-02-16T16:58:36 IST" name="afterMethod" finished-at="2023-02-16T16:58:36 IST" duration-ms="409" status="PASS">
          <reporter-output>
          </reporter-output>
        </test-method> <!-- afterMethod -->
        <test-method is-config="true" signature="beforeMethod()[pri:0, instance:executeClasses.CustomersPageTestClass@145f66e3]" started-at="2023-02-16T16:58:36 IST" name="beforeMethod" finished-at="2023-02-16T16:58:44 IST" duration-ms="7381" status="PASS">
          <reporter-output>
          </reporter-output>
        </test-method> <!-- beforeMethod -->
        <test-method signature="verifytoSearchACustomerByUsingMobileNumber()[pri:5, instance:executeClasses.CustomersPageTestClass@145f66e3]" started-at="2023-02-16T16:58:44 IST" name="verifytoSearchACustomerByUsingMobileNumber" finished-at="2023-02-16T16:58:52 IST" duration-ms="8167" status="PASS">
          <reporter-output>
          </reporter-output>
        </test-method> <!-- verifytoSearchACustomerByUsingMobileNumber -->
        <test-method is-config="true" signature="afterMethod()[pri:0, instance:executeClasses.CustomersPageTestClass@145f66e3]" started-at="2023-02-16T16:58:52 IST" name="afterMethod" finished-at="2023-02-16T16:58:52 IST" duration-ms="324" status="PASS">
          <reporter-output>
          </reporter-output>
        </test-method> <!-- afterMethod -->
      </class> <!-- executeClasses.CustomersPageTestClass -->
    </test> <!-- Default test -->
  </suite> <!-- Default suite -->
</testng-results>
