<?xml version="1.0" encoding="UTF-8"?>
<!-- Generated by org.testng.reporters.JUnitXMLReporter -->
<testsuite ignored="0" hostname="LAPTOP-2KKCO9Q0" failures="0" tests="5" name="Default test" time="82.481" errors="0" timestamp="2023-02-16T16:58:52 IST">
  <testcase classname="executeClasses.CustomersPageTestClass" name="verifyThecustomerPageIsVisibleByClickingOncustomersunderPeopleTab" time="8.733"/>
  <testcase classname="executeClasses.CustomersPageTestClass" name="verifyTheAddcustomerButtonIsVisibleOrNot" time="6.964"/>
  <testcase classname="executeClasses.CustomersPageTestClass" name="veriytoAddaNewcustomer" time="9.821"/>
  <testcase classname="executeClasses.CustomersPageTestClass" name="verifytoSearchACustomerByUsingName" time="7.672"/>
  <testcase classname="executeClasses.CustomersPageTestClass" name="verifytoSearchACustomerByUsingMobileNumber" time="8.167"/>
</testsuite> <!-- Default test -->
