<?xml version="1.0" encoding="UTF-8"?>
<!-- Generated by org.testng.reporters.JUnitXMLReporter -->
<testsuite ignored="5" hostname="LAPTOP-2KKCO9Q0" failures="0" tests="1" name="Default test" time="46.428" errors="0" timestamp="2023-02-27T08:40:53 IST">
  <testcase classname="executeClasses.ProductPageTestClass" name="verifyTheProductPageIsOpenedWhileClickingOnProductTab" time="24.374"/>
  <testcase classname="executeClasses.ProductPageTestClass" name="verifySearchFunctionalityByUsingProductName" time="0.0">
    <ignored/>
  </testcase> <!-- verifySearchFunctionalityByUsingProductName -->
  <testcase classname="executeClasses.ProductPageTestClass" name="verifyDeleteFunctinalityOfTheProduct" time="0.0">
    <ignored/>
  </testcase> <!-- verifyDeleteFunctinalityOfTheProduct -->
  <testcase classname="executeClasses.ProductPageTestClass" name="verifySearchFunctionalityByUsingProductCode" time="0.0">
    <ignored/>
  </testcase> <!-- verifySearchFunctionalityByUsingProductCode -->
  <testcase classname="executeClasses.ProductPageTestClass" name="verifyToAddNewProduct" time="0.0">
    <ignored/>
  </testcase> <!-- verifyToAddNewProduct -->
  <testcase classname="executeClasses.ProductPageTestClass" name="verifyTheEditFunctionalityOfTheProduct" time="0.0">
    <ignored/>
  </testcase> <!-- verifyTheEditFunctionalityOfTheProduct -->
</testsuite> <!-- Default test -->
