<?xml version="1.0" encoding="UTF-8"?>
<!-- Generated by org.testng.reporters.JUnitXMLReporter -->
<testsuite ignored="4" hostname="LAPTOP-2KKCO9Q0" failures="0" tests="2" name="ParallelTest" time="109.183" errors="0" timestamp="2023-02-27T07:49:36 IST">
  <testcase classname="executeClasses.ProductPageTestClass" name="verifyTheProductPageIsOpenedWhileClickingOnProductTab" time="13.577"/>
  <testcase classname="executeClasses.ProductPageTestClass" name="verifyDeleteFunctinalityOfTheProduct" time="29.198"/>
  <testcase classname="executeClasses.ProductPageTestClass" name="verifySearchFunctionalityByUsingProductName" time="0.0">
    <ignored/>
  </testcase> <!-- verifySearchFunctionalityByUsingProductName -->
  <testcase classname="executeClasses.ProductPageTestClass" name="verifySearchFunctionalityByUsingProductCode" time="0.0">
    <ignored/>
  </testcase> <!-- verifySearchFunctionalityByUsingProductCode -->
  <testcase classname="executeClasses.ProductPageTestClass" name="verifyToAddNewProduct" time="0.0">
    <ignored/>
  </testcase> <!-- verifyToAddNewProduct -->
  <testcase classname="executeClasses.ProductPageTestClass" name="verifyTheEditFunctionalityOfTheProduct" time="0.0">
    <ignored/>
  </testcase> <!-- verifyTheEditFunctionalityOfTheProduct -->
</testsuite> <!-- ParallelTest -->
